{
  "RSpec": {
    "coverage": {
      "/Users/zeien/Documents/CtCI-6th-Edition-Ruby/spec/ch01/1.08_spec.rb": [
        1,
        null,
        1,
        null,
        1,
        1,
        null,
        null,
        1,
        1,
        1,
        1,
        null,
        null,
        null
      ],
      "/Users/zeien/Documents/CtCI-6th-Edition-Ruby/lib/ch01/1.08.rb": [
        null,
        null,
        1,
        2,
        2,
        2,
        2,
        null,
        null,
        2,
        5,
        13,
        2,
        2,
        null,
        null,
        null,
        null,
        null,
        9,
        null,
        null,
        9,
        null,
        2,
        null
      ]
    },
    "timestamp": 1468875041
  }
}
