{
  "RSpec": {
    "coverage": {
      "/Users/zeien/Documents/CtCI-6th-Edition-Ruby/spec/ch03/3.02_spec.rb": [
        1,
        null,
        1,
        1,
        11,
        null,
        1,
        1,
        1,
        null,
        null,
        null,
        1,
        1,
        1,
        1,
        1,
        null,
        null,
        1,
        1,
        1,
        1,
        1,
        null,
        null,
        null,
        1,
        1,
        1,
        null,
        null,
        1,
        1,
        1,
        null,
        null,
        1,
        1,
        1,
        1,
        1,
        null,
        null,
        null,
        1,
        1,
        1,
        1,
        1,
        1,
        null,
        null,
        1,
        1,
        1,
        1,
        1,
        1,
        null,
        null,
        1,
        1,
        1,
        1,
        1,
        null,
        null,
        1,
        1,
        null,
        null,
        null,
        null,
        null
      ],
      "/Users/zeien/Documents/CtCI-6th-Edition-Ruby/lib/ch03/3.02.rb": [
        null,
        1,
        null,
        null,
        1,
        1,
        null,
        1,
        10,
        10,
        10,
        null,
        null,
        1,
        16,
        9,
        9,
        9,
        null,
        7,
        7,
        7,
        null,
        null,
        null,
        1,
        4,
        1,
        1,
        1,
        1,
        null,
        2,
        2,
        2,
        2,
        null,
        null,
        null,
        null,
        1,
        6,
        null,
        null,
        null
      ]
    },
    "timestamp": 1468960310
  }
}
